{"C:\\Users\\Damian\\Documents\\dev\\html-code-parser\\src\\index.ts": {"path":"C:\\Users\\Damian\\Documents\\dev\\html-code-parser\\src\\index.ts","all":false,"statementMap":{"0":{"start":{"line":1,"column":0},"end":{"line":1,"column":45}},"1":{"start":{"line":2,"column":0},"end":{"line":2,"column":65}},"2":{"start":{"line":3,"column":0},"end":{"line":3,"column":33}},"3":{"start":{"line":4,"column":0},"end":{"line":4,"column":0}},"4":{"start":{"line":5,"column":0},"end":{"line":5,"column":45}},"5":{"start":{"line":6,"column":0},"end":{"line":6,"column":76}},"6":{"start":{"line":7,"column":0},"end":{"line":7,"column":17}},"7":{"start":{"line":8,"column":0},"end":{"line":8,"column":3}},"8":{"start":{"line":9,"column":0},"end":{"line":9,"column":0}},"9":{"start":{"line":10,"column":0},"end":{"line":10,"column":101}},"10":{"start":{"line":11,"column":0},"end":{"line":11,"column":18}},"11":{"start":{"line":12,"column":0},"end":{"line":12,"column":89}},"12":{"start":{"line":13,"column":0},"end":{"line":13,"column":0}},"13":{"start":{"line":14,"column":0},"end":{"line":14,"column":28}},"14":{"start":{"line":15,"column":0},"end":{"line":15,"column":1}}},"s":{"0":27,"1":27,"2":27,"3":27,"4":27,"5":27,"6":4,"7":4,"8":23,"9":23,"10":23,"11":23,"12":23,"13":23,"14":23},"branchMap":{"0":{"type":"branch","line":1,"loc":{"start":{"line":1,"column":0},"end":{"line":15,"column":1}},"locations":[{"start":{"line":1,"column":0},"end":{"line":15,"column":1}}]},"1":{"type":"branch","line":6,"loc":{"start":{"line":6,"column":26},"end":{"line":6,"column":73}},"locations":[{"start":{"line":6,"column":26},"end":{"line":6,"column":73}}]},"2":{"type":"branch","line":6,"loc":{"start":{"line":6,"column":49},"end":{"line":6,"column":72}},"locations":[{"start":{"line":6,"column":49},"end":{"line":6,"column":72}}]},"3":{"type":"branch","line":6,"loc":{"start":{"line":6,"column":75},"end":{"line":8,"column":3}},"locations":[{"start":{"line":6,"column":75},"end":{"line":8,"column":3}}]},"4":{"type":"branch","line":9,"loc":{"start":{"line":9,"column":-2},"end":{"line":15,"column":1}},"locations":[{"start":{"line":9,"column":-2},"end":{"line":15,"column":1}}]}},"b":{"0":[27],"1":[25],"2":[2],"3":[4],"4":[23]},"fnMap":{"0":{"name":"isTag","decl":{"start":{"line":1,"column":0},"end":{"line":15,"column":1}},"loc":{"start":{"line":1,"column":0},"end":{"line":15,"column":1}},"line":1}},"f":{"0":27}}
}
